[35m[1mScanning dependencies of target geometry_msgs_generate_messages_eus[0m
[35m[1mScanning dependencies of target unitree_legged_msgs_generate_messages_cpp[0m
[35m[1mScanning dependencies of target unitree_legged_msgs_generate_messages_lisp[0m
[35m[1mScanning dependencies of target STM32_Node[0m
[35m[1mScanning dependencies of target rosgraph_msgs_generate_messages_cpp[0m
[  0%] Built target geometry_msgs_generate_messages_eus
[35m[1mScanning dependencies of target rosgraph_msgs_generate_messages_eus[0m
[35m[1mScanning dependencies of target roscpp_generate_messages_nodejs[0m
[  0%] Built target unitree_legged_msgs_generate_messages_cpp
[  0%] Built target unitree_legged_msgs_generate_messages_lisp
[  0%] Built target rosgraph_msgs_generate_messages_cpp
[35m[1mScanning dependencies of target std_msgs_generate_messages_eus[0m
[ 11%] [32mBuilding CXX object CMakeFiles/STM32_Node.dir/src/stm32_communication.cpp.o[0m
[ 22%] [32mBuilding CXX object CMakeFiles/STM32_Node.dir/src/UnitreeDriver.cpp.o[0m
[ 22%] Built target rosgraph_msgs_generate_messages_eus
[35m[1mScanning dependencies of target geometry_msgs_generate_messages_lisp[0m
[ 22%] Built target roscpp_generate_messages_nodejs
[ 22%] Built target geometry_msgs_generate_messages_lisp
[35m[1mScanning dependencies of target geometry_msgs_generate_messages_nodejs[0m
[35m[1mScanning dependencies of target unitree_legged_msgs_generate_messages_nodejs[0m
[35m[1mScanning dependencies of target geometry_msgs_generate_messages_cpp[0m
[ 22%] Built target std_msgs_generate_messages_eus
[35m[1mScanning dependencies of target roscpp_generate_messages_eus[0m
[ 22%] Built target geometry_msgs_generate_messages_nodejs
[ 22%] Built target unitree_legged_msgs_generate_messages_nodejs
[ 22%] Built target roscpp_generate_messages_eus
[ 22%] Built target geometry_msgs_generate_messages_cpp
[35m[1mScanning dependencies of target geometry_msgs_generate_messages_py[0m
[35m[1mScanning dependencies of target sensor_msgs_generate_messages_py[0m
[ 22%] Built target sensor_msgs_generate_messages_py
[ 22%] Built target geometry_msgs_generate_messages_py
[35m[1mScanning dependencies of target sensor_msgs_generate_messages_lisp[0m
[35m[1mScanning dependencies of target roscpp_generate_messages_py[0m
[35m[1mScanning dependencies of target sensor_msgs_generate_messages_nodejs[0m
[35m[1mScanning dependencies of target roscpp_generate_messages_cpp[0m
[ 22%] Built target roscpp_generate_messages_py
[ 22%] Built target sensor_msgs_generate_messages_lisp
[ 22%] Built target sensor_msgs_generate_messages_nodejs
[35m[1mScanning dependencies of target sensor_msgs_generate_messages_eus[0m
[ 22%] Built target roscpp_generate_messages_cpp
[35m[1mScanning dependencies of target rosgraph_msgs_generate_messages_py[0m
[ 22%] Built target sensor_msgs_generate_messages_eus
[35m[1mScanning dependencies of target rosgraph_msgs_generate_messages_lisp[0m
[ 22%] Built target rosgraph_msgs_generate_messages_py
[35m[1mScanning dependencies of target std_msgs_generate_messages_lisp[0m
[ 22%] Built target rosgraph_msgs_generate_messages_lisp
[35m[1mScanning dependencies of target unitree_legged_msgs_generate_messages_eus[0m
[ 22%] Built target std_msgs_generate_messages_lisp
[35m[1mScanning dependencies of target roscpp_generate_messages_lisp[0m
[ 22%] Built target unitree_legged_msgs_generate_messages_eus
[35m[1mScanning dependencies of target rosgraph_msgs_generate_messages_nodejs[0m
[ 22%] Built target roscpp_generate_messages_lisp
[ 22%] Built target rosgraph_msgs_generate_messages_nodejs
[35m[1mScanning dependencies of target std_msgs_generate_messages_cpp[0m
[35m[1mScanning dependencies of target unitree_legged_msgs_generate_messages_py[0m
[ 22%] Built target unitree_legged_msgs_generate_messages_py
[ 22%] Built target std_msgs_generate_messages_cpp
[35m[1mScanning dependencies of target std_msgs_generate_messages_py[0m
[35m[1mScanning dependencies of target sensor_msgs_generate_messages_cpp[0m
[ 22%] Built target sensor_msgs_generate_messages_cpp
[ 22%] Built target std_msgs_generate_messages_py
[35m[1mScanning dependencies of target std_msgs_generate_messages_nodejs[0m
[35m[1mScanning dependencies of target imu_communication[0m
[ 22%] Built target std_msgs_generate_messages_nodejs
[35m[1mScanning dependencies of target dogstandup[0m
[ 33%] [32mBuilding CXX object CMakeFiles/imu_communication.dir/src/imu_communication.cpp.o[0m
[35m[1mScanning dependencies of target motor_communication[0m
[ 44%] [32mBuilding CXX object CMakeFiles/dogstandup.dir/src/standup.cpp.o[0m
[ 55%] [32mBuilding CXX object CMakeFiles/motor_communication.dir/src/motor_communication.cpp.o[0m
[01m[K/home/mzx/Desktop/dog/src/hardware_ctrl/src/stm32_communication.cpp:6:10:[m[K [01;31m[Kfatal error: [m[Kunitree_legged_msgs/motordata.h: No such file or directory
    6 | #include [01;31m[K<unitree_legged_msgs/motordata.h>[m[K
      |          [01;31m[K^~~~~~~~~~~~~~~~~~~~~~~~~~~~~~~~~[m[K
compilation terminated.
make[2]: *** [CMakeFiles/STM32_Node.dir/build.make:63: CMakeFiles/STM32_Node.dir/src/stm32_communication.cpp.o] Error 1
make[2]: *** Waiting for unfinished jobs....
[01m[K/home/mzx/Desktop/dog/src/hardware_ctrl/src/standup.cpp:4:10:[m[K [01;31m[Kfatal error: [m[Kunitree_legged_msgs/motordata.h: No such file or directory
    4 | #include [01;31m[K<unitree_legged_msgs/motordata.h>[m[K
      |          [01;31m[K^~~~~~~~~~~~~~~~~~~~~~~~~~~~~~~~~[m[K
compilation terminated.
make[2]: *** [CMakeFiles/dogstandup.dir/build.make:63: CMakeFiles/dogstandup.dir/src/standup.cpp.o] Error 1
make[1]: *** [CMakeFiles/Makefile2:232: CMakeFiles/dogstandup.dir/all] Error 2
make[1]: *** Waiting for unfinished jobs....
[01m[K/home/mzx/Desktop/dog/src/hardware_ctrl/src/motor_communication.cpp:4:10:[m[K [01;31m[Kfatal error: [m[Kunitree_legged_msgs/motordata.h: No such file or directory
    4 | #include [01;31m[K<unitree_legged_msgs/motordata.h>[m[K
      |          [01;31m[K^~~~~~~~~~~~~~~~~~~~~~~~~~~~~~~~~[m[K
compilation terminated.
make[2]: *** [CMakeFiles/motor_communication.dir/build.make:63: CMakeFiles/motor_communication.dir/src/motor_communication.cpp.o] Error 1
make[1]: *** [CMakeFiles/Makefile2:288: CMakeFiles/motor_communication.dir/all] Error 2
make[1]: *** [CMakeFiles/Makefile2:176: CMakeFiles/STM32_Node.dir/all] Error 2
[ 66%] [32m[1mLinking CXX executable /home/mzx/Desktop/dog/devel/.private/hardware_ctrl/lib/hardware_ctrl/imu_communication[0m
[ 66%] Built target imu_communication
make: *** [Makefile:141: all] Error 2
